<?xml version="1.0" encoding="UTF-8"?>
<testng-results skipped="0" failed="0" ignored="0" total="1" passed="1">
  <reporter-output>
  </reporter-output>
  <suite name="Default suite" duration-ms="318" started-at="2019-03-11T11:19:11Z" finished-at="2019-03-11T11:19:11Z">
    <groups>
    </groups>
    <test name="Default test" duration-ms="318" started-at="2019-03-11T11:19:11Z" finished-at="2019-03-11T11:19:11Z">
      <class name="databaseconnection.ABC">
        <test-method status="PASS" signature="init()[pri:0, instance:databaseconnection.ABC@523884b2]" name="init" duration-ms="294" started-at="2019-03-11T11:19:11Z" finished-at="2019-03-11T11:19:11Z">
          <reporter-output>
          </reporter-output>
        </test-method> <!-- init -->
      </class> <!-- databaseconnection.ABC -->
    </test> <!-- Default test -->
  </suite> <!-- Default suite -->
</testng-results>
